Daemon started at 14:49:51 with pid 29504
To kill this process type "kill 29504" at the head node command line
Daemon has been running for 0.00556029114458 hours
Daemon has been running for 0.011120738652 hours
Daemon has been running for 0.0166804930899 hours
Daemon has been running for 0.0222410961654 hours
Daemon has been running for 0.0278016483784 hours
Daemon has been running for 0.0333621878094 hours
Daemon has been running for 0.0389222969611 hours
Daemon has been running for 0.0444820436504 hours
Daemon has been running for 0.0500418697463 hours
Daemon has been running for 0.0556027017037 hours
Daemon has been running for 0.0611636955871 hours
Daemon has been running for 0.0667238444752 hours
Daemon has been running for 0.0722845578194 hours
Daemon has been running for 0.0778453316953 hours
Daemon has been running for 0.0834057978127 hours
Daemon has been running for 0.0889670038886 hours
Daemon has been running for 0.0945278106133 hours
Daemon has been running for 0.100088521441 hours
Daemon has been running for 0.105649884211 hours
Daemon has been running for 0.1112099425 hours
Daemon has been running for 0.116771203611 hours
Daemon has been running for 0.122332823674 hours
Daemon has been running for 0.127893505295 hours
Daemon has been running for 0.133454500039 hours
Daemon has been running for 0.139015473392 hours
Daemon has been running for 0.144576415618 hours
Daemon has been running for 0.150137781964 hours
Daemon has been running for 0.15569865644 hours
Daemon has been running for 0.161259908941 hours
Daemon has been running for 0.16682138145 hours
Daemon has been running for 0.17238318695 hours
Daemon has been running for 0.177943854464 hours
Daemon has been running for 0.18350577116 hours
Daemon has been running for 0.189066869219 hours
Daemon has been running for 0.194628086156 hours
Daemon has been running for 0.200189116995 hours
Daemon has been running for 0.205750221146 hours
Daemon has been running for 0.211310959458 hours
Daemon has been running for 0.216871993078 hours
Daemon has been running for 0.222433368365 hours
Daemon has been running for 0.227995196713 hours
Daemon has been running for 0.233556160331 hours
Daemon has been running for 0.239117670854 hours
Daemon has been running for 0.24467859394 hours
Daemon has been running for 0.250239241984 hours
Daemon has been running for 0.255799947513 hours
Daemon has been running for 0.26136090974 hours
Daemon has been running for 0.266921837793 hours
Daemon has been running for 0.27248328699 hours
Daemon has been running for 0.278044409487 hours
Daemon has been running for 0.283605866697 hours
Daemon has been running for 0.289166882833 hours
Daemon has been running for 0.294728200038 hours
Daemon has been running for 0.300289767252 hours
Daemon has been running for 0.305851460298 hours
Daemon has been running for 0.311413028108 hours
Daemon has been running for 0.316974062257 hours
Daemon has been running for 0.322534954217 hours
Daemon has been running for 0.328095778624 hours
Daemon has been running for 0.333657031986 hours
Daemon has been running for 0.339218281971 hours
Daemon has been running for 0.344780622787 hours
Daemon has been running for 0.350341863102 hours
Daemon has been running for 0.355903523366 hours
Daemon has been running for 0.361464737256 hours
Daemon has been running for 0.367026468648 hours
Daemon has been running for 0.372587856981 hours
Daemon has been running for 0.378148722781 hours
Daemon has been running for 0.383709775607 hours
Daemon has been running for 0.38927129613 hours
Daemon has been running for 0.394831971725 hours
Daemon has been running for 0.400392723944 hours
Daemon has been running for 0.405954416725 hours
Daemon has been running for 0.41151497225 hours
Daemon has been running for 0.417075797253 hours
Daemon has been running for 0.42263666504 hours
Daemon has been running for 0.428196787834 hours
Daemon has been running for 0.433757930332 hours
Daemon has been running for 0.439318763945 hours
Daemon has been running for 0.444879031976 hours
Daemon has been running for 0.450439728101 hours
Daemon has been running for 0.456001121667 hours
Daemon has been running for 0.461561576724 hours
Daemon has been running for 0.467122456166 hours
Daemon has been running for 0.472683105866 hours
Daemon has been running for 0.47824370616 hours
Daemon has been running for 0.48380491919 hours
Daemon has been running for 0.489366023673 hours
Daemon has been running for 0.494926736686 hours
Daemon has been running for 0.500488646428 hours
Daemon has been running for 0.506049875021 hours
Daemon has been running for 0.511610728105 hours
Daemon has been running for 0.517172089484 hours
Daemon has been running for 0.522733233637 hours
Daemon has been running for 0.528294244475 hours
Daemon has been running for 0.533855487506 hours
Daemon has been running for 0.539416457812 hours
Daemon has been running for 0.544977074464 hours
Daemon has been running for 0.550538146695 hours
Daemon has been running for 0.556099789739 hours
Daemon has been running for 0.561660532554 hours
Daemon has been running for 0.567221864727 hours
Daemon has been running for 0.572782881724 hours
job 619352 is already in deletion
Traceback (most recent call last):
  File "/home/vvs4/MATLAB/VBM/FIGS/spm_batch_VBM.py", line 224, in ?
    time.sleep(sleep_time)
  File "/home/vvs4/MATLAB/VBM/FIGS/spm_batch_VBM.py", line 122, in _check_jobs
    
ValueError: I/O operation on closed file
job 619352 is already in deletion
Traceback (most recent call last):
  File "/home/vvs4/MATLAB/VBM/FIGS/spm_batch_VBM.py", line 223, in ?
    n_jobs, n_other_jobs = _check_jobs(username, kill_time_limit, n_fake_jobs)
  File "/home/vvs4/MATLAB/VBM/FIGS/spm_batch_VBM.py", line 121, in _check_jobs
    print("Job %s was deleted because it ran for more than the maximum time." % (job_info[0]))
ValueError: I/O operation on closed file
