
@----------------------------------------------------------@
|        PLINK!       |     v1.07      |   10/Aug/2009     |
|----------------------------------------------------------|
|  (C) 2009 Shaun Purcell, GNU General Public License, v2  |
|----------------------------------------------------------|
|  For documentation, citation & bug-report instructions:  |
|        http://pngu.mgh.harvard.edu/purcell/plink/        |
@----------------------------------------------------------@

Web-based version check ( --noweb to skip )
Connecting to web... Problem connecting to web

Writing this text to log file [ 1.log ]
Analysis started: Fri Mar 18 17:46:33 2011

Options in effect:
	--tfile 1
	--out 1
	--recode
	--allele1234
	--missing-genotype -
	--output-missing-genotype 0


ERROR: No file [ 1.tped ] exists.
